# JRE version: OpenJDK Runtime Environment (17.0.10) (build 17.0.10+0--11609105)
# Java VM: OpenJDK 64-Bit Server VM (17.0.10+0--11609105, mixed mode, tiered, compressed oops, compressed class ptrs, g1 gc, windows-amd64)
GC Precious Log:
 CPUs: 8 total, 8 available
 Memory: 20331M
 Large Page Support: Disabled
 NUMA Support: Disabled
 Compressed Oops: Enabled (32-bit)
 Heap Region Size: 1M
 Heap Min Capacity: 8M
 Heap Initial Capacity: 318M
 Heap Max Capacity: 2G
 Pre-touch: Disabled
 Parallel Workers: 8
 Concurrent Workers: 2
 Concurrent Refinement Workers: 8
 Periodic GC: Disabled
Heap:
 garbage-first heap   total 353280K, used 273712K [0x0000000080000000, 0x0000000100000000)
  region size 1024K, 13 young (13312K), 6 survivors (6144K)
 Metaspace       used 199416K, committed 200704K, reserved 1245184K
  class space    used 25462K, committed 26112K, reserved 1048576K
GC Heap History (20 events):
Event: 41.170 GC heap after
{Heap after GC invocations=77 (full 0):
 garbage-first heap   total 353280K, used 191422K [0x0000000080000000, 0x0000000100000000)
  region size 1024K, 10 young (10240K), 10 survivors (10240K)
 Metaspace       used 170940K, committed 171840K, reserved 1245184K
  class space    used 22128K, committed 22528K, reserved 1048576K
}
Event: 42.030 GC heap before
{Heap before GC invocations=77 (full 0):
 garbage-first heap   total 353280K, used 281534K [0x0000000080000000, 0x0000000100000000)
  region size 1024K, 98 young (100352K), 10 survivors (10240K)
 Metaspace       used 170940K, committed 171840K, reserved 1245184K
  class space    used 22128K, committed 22528K, reserved 1048576K
}
Event: 42.038 GC heap after
{Heap after GC invocations=78 (full 0):
 garbage-first heap   total 353280K, used 194766K [0x0000000080000000, 0x0000000100000000)
  region size 1024K, 10 young (10240K), 10 survivors (10240K)
 Metaspace       used 170940K, committed 171840K, reserved 1245184K
  class space    used 22128K, committed 22528K, reserved 1048576K
}
Event: 42.753 GC heap before
{Heap before GC invocations=78 (full 0):
 garbage-first heap   total 353280K, used 284878K [0x0000000080000000, 0x0000000100000000)
  region size 1024K, 98 young (100352K), 10 survivors (10240K)
 Metaspace       used 170940K, committed 171840K, reserved 1245184K
  class space    used 22128K, committed 22528K, reserved 1048576K
}
Event: 42.761 GC heap after
{Heap after GC invocations=79 (full 0):
 garbage-first heap   total 353280K, used 198088K [0x0000000080000000, 0x0000000100000000)
  region size 1024K, 10 young (10240K), 10 survivors (10240K)
 Metaspace       used 170940K, committed 171840K, reserved 1245184K
  class space    used 22128K, committed 22528K, reserved 1048576K
}
Event: 44.012 GC heap before
{Heap before GC invocations=79 (full 0):
 garbage-first heap   total 353280K, used 286152K [0x0000000080000000, 0x0000000100000000)
  region size 1024K, 97 young (99328K), 10 survivors (10240K)
 Metaspace       used 171686K, committed 172608K, reserved 1245184K
  class space    used 22233K, committed 22656K, reserved 1048576K
}
Event: 44.021 GC heap after
{Heap after GC invocations=80 (full 0):
 garbage-first heap   total 353280K, used 201862K [0x0000000080000000, 0x0000000100000000)
  region size 1024K, 10 young (10240K), 10 survivors (10240K)
 Metaspace       used 171686K, committed 172608K, reserved 1245184K
  class space    used 22233K, committed 22656K, reserved 1048576K
}
Event: 46.223 GC heap before
{Heap before GC invocations=80 (full 0):
 garbage-first heap   total 353280K, used 290950K [0x0000000080000000, 0x0000000100000000)
  region size 1024K, 96 young (98304K), 10 survivors (10240K)
 Metaspace       used 181654K, committed 182656K, reserved 1245184K
  class space    used 23492K, committed 24000K, reserved 1048576K
}
Event: 46.236 GC heap after
{Heap after GC invocations=81 (full 0):
 garbage-first heap   total 353280K, used 205474K [0x0000000080000000, 0x0000000100000000)
  region size 1024K, 10 young (10240K), 10 survivors (10240K)
 Metaspace       used 181654K, committed 182656K, reserved 1245184K
  class space    used 23492K, committed 24000K, reserved 1048576K
}
Event: 47.580 GC heap before
{Heap before GC invocations=81 (full 0):
 garbage-first heap   total 353280K, used 292514K [0x0000000080000000, 0x0000000100000000)
  region size 1024K, 96 young (98304K), 10 survivors (10240K)
 Metaspace       used 184143K, committed 185152K, reserved 1245184K
  class space    used 23756K, committed 24256K, reserved 1048576K
}
Event: 47.598 GC heap after
{Heap after GC invocations=82 (full 0):
 garbage-first heap   total 353280K, used 211011K [0x0000000080000000, 0x0000000100000000)
  region size 1024K, 12 young (12288K), 12 survivors (12288K)
 Metaspace       used 184143K, committed 185152K, reserved 1245184K
  class space    used 23756K, committed 24256K, reserved 1048576K
}
Event: 54.933 GC heap before
{Heap before GC invocations=82 (full 0):
 garbage-first heap   total 353280K, used 292931K [0x0000000080000000, 0x0000000100000000)
  region size 1024K, 93 young (95232K), 12 survivors (12288K)
 Metaspace       used 189687K, committed 190784K, reserved 1245184K
  class space    used 24341K, committed 24896K, reserved 1048576K
}
Event: 54.949 GC heap after
{Heap after GC invocations=83 (full 0):
 garbage-first heap   total 353280K, used 215348K [0x0000000080000000, 0x0000000100000000)
  region size 1024K, 5 young (5120K), 5 survivors (5120K)
 Metaspace       used 189687K, committed 190784K, reserved 1245184K
  class space    used 24341K, committed 24896K, reserved 1048576K
}
Event: 88.831 GC heap before
{Heap before GC invocations=83 (full 0):
 garbage-first heap   total 353280K, used 295220K [0x0000000080000000, 0x0000000100000000)
  region size 1024K, 84 young (86016K), 5 survivors (5120K)
 Metaspace       used 193155K, committed 194368K, reserved 1245184K
  class space    used 24753K, committed 25344K, reserved 1048576K
}
Event: 88.841 GC heap after
{Heap after GC invocations=84 (full 0):
 garbage-first heap   total 353280K, used 221700K [0x0000000080000000, 0x0000000100000000)
  region size 1024K, 11 young (11264K), 11 survivors (11264K)
 Metaspace       used 193155K, committed 194368K, reserved 1245184K
  class space    used 24753K, committed 25344K, reserved 1048576K
}
Event: 90.212 GC heap before
{Heap before GC invocations=84 (full 0):
 garbage-first heap   total 353280K, used 296452K [0x0000000080000000, 0x0000000100000000)
  region size 1024K, 85 young (87040K), 11 survivors (11264K)
 Metaspace       used 197075K, committed 198272K, reserved 1245184K
  class space    used 25271K, committed 25856K, reserved 1048576K
}
Event: 90.230 GC heap after
{Heap after GC invocations=85 (full 0):
 garbage-first heap   total 353280K, used 230118K [0x0000000080000000, 0x0000000100000000)
  region size 1024K, 9 young (9216K), 9 survivors (9216K)
 Metaspace       used 197075K, committed 198272K, reserved 1245184K
  class space    used 25271K, committed 25856K, reserved 1048576K
}
Event: 91.412 GC heap before
{Heap before GC invocations=85 (full 0):
 garbage-first heap   total 353280K, used 314086K [0x0000000080000000, 0x0000000100000000)
  region size 1024K, 75 young (76800K), 9 survivors (9216K)
 Metaspace       used 197694K, committed 198912K, reserved 1245184K
  class space    used 25317K, committed 25920K, reserved 1048576K
}
Event: 91.436 GC heap after
{Heap after GC invocations=86 (full 0):
 garbage-first heap   total 353280K, used 256201K [0x0000000080000000, 0x0000000100000000)
  region size 1024K, 10 young (10240K), 10 survivors (10240K)
 Metaspace       used 197694K, committed 198912K, reserved 1245184K
  class space    used 25317K, committed 25920K, reserved 1048576K
}
Event: 92.171 GC heap before
{Heap before GC invocations=86 (full 0):
 garbage-first heap   total 353280K, used 313545K [0x0000000080000000, 0x0000000100000000)
  region size 1024K, 50 young (51200K), 10 survivors (10240K)
 Metaspace       used 198027K, committed 199296K, reserved 1245184K
  class space    used 25338K, committed 25984K, reserved 1048576K
}

